2024-12-04T15:33:15+00:00 ERROR Automattic\WooCommerce\GoogleListingsAndAds\API\Google\Ads::get_account_details {
    "message": "The caller does not have permission",
    "code": 7,
    "status": "PERMISSION_DENIED",
    "details": [
        {
            "@type": "type.googleapis.com\/google.ads.googleads.v16.errors.GoogleAdsFailure",
            "errors": [
                {
                    "errorCode": {
                        "authorizationError": "CUSTOMER_NOT_ENABLED"
                    },
                    "message": "The customer account can't be accessed because it is not yet enabled or has been deactivated."
                }
            ],
            "requestId": "UgPLVVMG61nH849VGKy_hw"
        }
    ]
}
2024-12-04T15:35:30+00:00 ERROR Automattic\WooCommerce\GoogleListingsAndAds\API\Google\Merchant::claimwebsite {
  "error": {
    "code": 403,
    "message": "There exist other accounts with homepage that conflicts with the homepage of account 5508973907. Set the parameter 'overwrite' to true if you want to take the claim and remove it from these accounts: Kubkahankaise1@gmail.com",
    "errors": [
      {
        "message": "There exist other accounts with homepage that conflicts with the homepage of account 5508973907. Set the parameter 'overwrite' to true if you want to take the claim and remove it from these accounts: Kubkahankaise1@gmail.com",
        "domain": "global",
        "reason": "forbidden"
      }
    ]
  }
}
2024-12-04T15:40:34+00:00 DEBUG Automattic\WooCommerce\GoogleListingsAndAds\Product\WCProductAdapter::map_product_categories Product category (ID: 232): ["Hoodies"].
2024-12-04T15:40:34+00:00 DEBUG Automattic\WooCommerce\GoogleListingsAndAds\Product\BatchProductHelper::validate_and_generate_update_request_entries Skipping product (ID: 232) because it does not pass validation: {"woocommerce_id":232,"errors":["[description] This value should not be blank."]}
2024-12-04T15:40:34+00:00 DEBUG Automattic\WooCommerce\GoogleListingsAndAds\Product\WCProductAdapter::map_product_categories Product category (ID: 270): ["Hoodies"].
2024-12-04T15:40:34+00:00 DEBUG Automattic\WooCommerce\GoogleListingsAndAds\Product\BatchProductHelper::validate_and_generate_update_request_entries Skipping product (ID: 270) because it does not pass validation: {"woocommerce_id":270,"errors":["[description] This value should not be blank."]}
2024-12-04T15:40:34+00:00 DEBUG Automattic\WooCommerce\GoogleListingsAndAds\Product\WCProductAdapter::map_product_categories Product category (ID: 300): ["Sweat Shirts"].
2024-12-04T15:40:34+00:00 DEBUG Automattic\WooCommerce\GoogleListingsAndAds\Product\WCProductAdapter::map_product_categories Product category (ID: 312): ["Sweat Shirts"].
2024-12-04T15:40:34+00:00 DEBUG Automattic\WooCommerce\GoogleListingsAndAds\Product\BatchProductHelper::validate_and_generate_update_request_entries Skipping product (ID: 312) because it does not pass validation: {"woocommerce_id":312,"errors":["[description] This value should not be blank."]}
2024-12-04T15:40:34+00:00 DEBUG Automattic\WooCommerce\GoogleListingsAndAds\Product\WCProductAdapter::map_product_categories Product category (ID: 334): ["Printed Caps"].
2024-12-04T15:40:34+00:00 DEBUG Automattic\WooCommerce\GoogleListingsAndAds\Product\WCProductAdapter::map_product_categories Product category (ID: 361): ["T Shirt Short Sleeves"].
2024-12-04T15:40:34+00:00 DEBUG Automattic\WooCommerce\GoogleListingsAndAds\Product\WCProductAdapter::map_product_categories Product category (ID: 372): ["Printed Caps"].
2024-12-04T15:40:34+00:00 DEBUG Automattic\WooCommerce\GoogleListingsAndAds\Product\WCProductAdapter::map_product_categories Product category (ID: 381): ["Hoodies"].
2024-12-04T15:40:34+00:00 DEBUG Automattic\WooCommerce\GoogleListingsAndAds\Product\WCProductAdapter::map_product_categories Product category (ID: 411): ["T Shirt Short Sleeves"].
2024-12-04T15:40:34+00:00 DEBUG Automattic\WooCommerce\GoogleListingsAndAds\Product\WCProductAdapter::map_product_categories Product category (ID: 25089): ["T Shirt Short Sleeves"].
2024-12-04T15:40:34+00:00 DEBUG Automattic\WooCommerce\GoogleListingsAndAds\Product\BatchProductHelper::validate_and_generate_update_request_entries Skipping product (ID: 25089) because it does not pass validation: {"woocommerce_id":25089,"errors":["[description] This value should not be blank."]}
2024-12-04T15:40:34+00:00 DEBUG Automattic\WooCommerce\GoogleListingsAndAds\Product\WCProductAdapter::map_product_categories Product category (ID: 25114): ["Hoodies"].
2024-12-04T15:40:34+00:00 DEBUG Automattic\WooCommerce\GoogleListingsAndAds\Product\WCProductAdapter::map_product_categories Product category (ID: 25116): ["Hoodies"].
2024-12-04T15:40:37+00:00 DEBUG Automattic\WooCommerce\GoogleListingsAndAds\Product\ProductSyncer::update_by_batch_requests Submitted 8 products:
[{"woocommerce_id":300,"google_id":"online:en:PK:gla_300"},{"woocommerce_id":334,"google_id":"online:en:PK:gla_334"},{"woocommerce_id":361,"google_id":"online:en:PK:gla_361"},{"woocommerce_id":372,"google_id":"online:en:PK:gla_372"},{"woocommerce_id":381,"google_id":"online:en:PK:gla_381"},{"woocommerce_id":411,"google_id":"online:en:PK:gla_411"},{"woocommerce_id":25114,"google_id":"online:en:PK:gla_25114"},{"woocommerce_id":25116,"google_id":"online:en:PK:gla_25116"}]
2024-12-04T15:42:36+00:00 DEBUG Automattic\WooCommerce\GoogleListingsAndAds\Product\WCProductAdapter::map_product_categories Product category (ID: 372): ["Printed Caps"].
2024-12-04T15:42:37+00:00 DEBUG Automattic\WooCommerce\GoogleListingsAndAds\Product\ProductSyncer::update_by_batch_requests Submitted 1 products:
[{"woocommerce_id":372,"google_id":"online:en:PK:gla_372"}]
2024-12-04T15:42:40+00:00 DEBUG Automattic\WooCommerce\GoogleListingsAndAds\Product\WCProductAdapter::map_product_categories Product category (ID: 232): ["Hoodies"].
2024-12-04T15:42:40+00:00 DEBUG Automattic\WooCommerce\GoogleListingsAndAds\Product\BatchProductHelper::validate_and_generate_update_request_entries Skipping product (ID: 232) because it does not pass validation: {"woocommerce_id":232,"errors":["[description] This value should not be blank."]}
2024-12-04T15:42:41+00:00 DEBUG Automattic\WooCommerce\GoogleListingsAndAds\Product\WCProductAdapter::map_product_categories Product category (ID: 25116): ["Hoodies"].
2024-12-04T15:42:42+00:00 DEBUG Automattic\WooCommerce\GoogleListingsAndAds\Product\ProductSyncer::update_by_batch_requests Submitted 1 products:
[{"woocommerce_id":25116,"google_id":"online:en:PK:gla_25116"}]
2024-12-04T15:42:42+00:00 DEBUG Automattic\WooCommerce\GoogleListingsAndAds\Product\WCProductAdapter::map_product_categories Product category (ID: 270): ["Hoodies"].
2024-12-04T15:42:42+00:00 DEBUG Automattic\WooCommerce\GoogleListingsAndAds\Product\BatchProductHelper::validate_and_generate_update_request_entries Skipping product (ID: 270) because it does not pass validation: {"woocommerce_id":270,"errors":["[description] This value should not be blank."]}
2024-12-04T15:42:42+00:00 DEBUG Automattic\WooCommerce\GoogleListingsAndAds\Product\WCProductAdapter::map_product_categories Product category (ID: 334): ["Printed Caps"].
2024-12-04T15:42:43+00:00 DEBUG Automattic\WooCommerce\GoogleListingsAndAds\Product\ProductSyncer::update_by_batch_requests Submitted 1 products:
[{"woocommerce_id":334,"google_id":"online:en:PK:gla_334"}]
2024-12-04T15:42:43+00:00 DEBUG Automattic\WooCommerce\GoogleListingsAndAds\Product\WCProductAdapter::map_product_categories Product category (ID: 312): ["Sweat Shirts"].
2024-12-04T15:42:43+00:00 DEBUG Automattic\WooCommerce\GoogleListingsAndAds\Product\BatchProductHelper::validate_and_generate_update_request_entries Skipping product (ID: 312) because it does not pass validation: {"woocommerce_id":312,"errors":["[description] This value should not be blank."]}
2024-12-04T15:42:43+00:00 DEBUG Automattic\WooCommerce\GoogleListingsAndAds\Product\WCProductAdapter::map_product_categories Product category (ID: 25089): ["T Shirt Short Sleeves"].
2024-12-04T15:42:44+00:00 DEBUG Automattic\WooCommerce\GoogleListingsAndAds\Product\BatchProductHelper::validate_and_generate_update_request_entries Skipping product (ID: 25089) because it does not pass validation: {"woocommerce_id":25089,"errors":["[description] This value should not be blank."]}
2024-12-04T15:42:44+00:00 DEBUG Automattic\WooCommerce\GoogleListingsAndAds\Product\WCProductAdapter::map_product_categories Product category (ID: 381): ["Hoodies"].
2024-12-04T15:42:45+00:00 DEBUG Automattic\WooCommerce\GoogleListingsAndAds\Product\ProductSyncer::update_by_batch_requests Submitted 1 products:
[{"woocommerce_id":381,"google_id":"online:en:PK:gla_381"}]
2024-12-04T15:42:45+00:00 DEBUG Automattic\WooCommerce\GoogleListingsAndAds\Product\WCProductAdapter::map_product_categories Product category (ID: 25114): ["Hoodies"].
2024-12-04T15:42:46+00:00 DEBUG Automattic\WooCommerce\GoogleListingsAndAds\Product\ProductSyncer::update_by_batch_requests Submitted 1 products:
[{"woocommerce_id":25114,"google_id":"online:en:PK:gla_25114"}]
2024-12-04T15:42:46+00:00 DEBUG Automattic\WooCommerce\GoogleListingsAndAds\Product\WCProductAdapter::map_product_categories Product category (ID: 411): ["T Shirt Short Sleeves"].
2024-12-04T15:42:48+00:00 DEBUG Automattic\WooCommerce\GoogleListingsAndAds\Product\ProductSyncer::update_by_batch_requests Submitted 1 products:
[{"woocommerce_id":411,"google_id":"online:en:PK:gla_411"}]
2024-12-04T15:43:39+00:00 DEBUG Automattic\WooCommerce\GoogleListingsAndAds\Product\WCProductAdapter::map_product_categories Product category (ID: 361): ["T Shirt Short Sleeves"].
2024-12-04T15:43:41+00:00 DEBUG Automattic\WooCommerce\GoogleListingsAndAds\Product\ProductSyncer::update_by_batch_requests Submitted 1 products:
[{"woocommerce_id":361,"google_id":"online:en:PK:gla_361"}]
2024-12-04T15:43:41+00:00 DEBUG Automattic\WooCommerce\GoogleListingsAndAds\Product\WCProductAdapter::map_product_categories Product category (ID: 300): ["Sweat Shirts"].
2024-12-04T15:43:42+00:00 DEBUG Automattic\WooCommerce\GoogleListingsAndAds\Product\ProductSyncer::update_by_batch_requests Submitted 1 products:
[{"woocommerce_id":300,"google_id":"online:en:PK:gla_300"}]
