2024-12-17T12:09:00+00:00 INFO Array
(
    [Webhook Delivery] => Array
        (
            [Delivery ID] => 3f9b97aa56809593ca33d383a904ed12
            [Date] => Dec 17, 2024 @ 12:09
            [URL] => https://newplatform.cjdropshipping.com/platform-notify/wooCommerce/2410161435120665600/notify
            [Duration] => 2.03963
            [Request] => Array
                (
                    [Method] => POST
                    [Headers] => Array
                        (
                            [User-Agent] => WooCommerce/9.4.1 Hookshot (WordPress/6.7.1)
                            [Content-Type] => application/json
                            [X-WC-Webhook-Source] => http://localhost/wpproject/
                            [X-WC-Webhook-Topic] => product.deleted
                            [X-WC-Webhook-Resource] => product
                            [X-WC-Webhook-Event] => deleted
                            [X-WC-Webhook-Signature] => mpf9560/uJcSLuTGvxfHbZg2vpO1NbzsEH6//uL0uOQ=
                            [X-WC-Webhook-ID] => 4
                            [X-WC-Webhook-Delivery-ID] => 3f9b97aa56809593ca33d383a904ed12
                        )

                )

            [Body] => {\"id\":25430}
            [Response] => Array
                (
                    [Code] => 200
                    [Message] => OK
                    [Headers] => WpOrg\Requests\Utility\CaseInsensitiveDictionary Object
                        (
                            [data:protected] => Array
                                (
                                    [date] => Tue, 17 Dec 2024 12:09:02 GMT
                                    [content-type] => application/json
                                    [vary] => Array
                                        (
                                            [0] => Accept-Encoding
                                            [1] => Origin
                                            [2] => Access-Control-Request-Method
                                            [3] => Access-Control-Request-Headers
                                        )

                                    [content-encoding] => gzip
                                )

                        )

                    [Body] => "200 OK"
                )

        )

)

